[09/18/25 15:46:59] Setting up AWS...
[09/18/25 15:46:59] AWS successfully set-up
[09/18/25 15:47:21] WARNING: SimpleAudio is not installed, audio will not play
[09/18/25 15:47:22] Setting up AWS...
[09/18/25 15:47:22] AWS successfully set-up
[09/18/25 15:47:22] Starting slack-Lambda-button gui...
[09/18/25 15:47:22] Setting up Google Sheets...
[09/18/25 15:47:23] Got existing spreadsheet with ID: 19GGko-gmBRb64y0fv989eFV-su0_kS4ZjqoAq8cY3Zg
[09/18/25 15:47:23] Caching spreadsheet...
[09/18/25 15:47:23] Setting up Google Sheets...
[09/18/25 15:47:24] Got existing spreadsheet with ID: 1Id6Ez29KQm04MW5JkDW-2CX9GQwEW-HzJT06jJEfY1c
[09/18/25 15:47:24] Caching spreadsheet...
[09/18/25 15:47:30] Interaction received, handling...
[09/18/25 15:47:30] Setting up Google Sheets...
[09/18/25 15:47:30] Spreadsheet 1Id6Ez29KQm04MW5JkDW-2CX9GQwEW-HzJT06jJEfY1c found in cache. Retrieving...
[09/18/25 15:47:30] Getting device config...
[09/18/25 15:47:30] Looking for first empty row in spreadsheet 1Id6Ez29KQm04MW5JkDW-2CX9GQwEW-HzJT06jJEfY1c
[09/18/25 15:47:31] First empty row for spreadsheet 1Id6Ez29KQm04MW5JkDW-2CX9GQwEW-HzJT06jJEfY1c is 40
[09/18/25 15:47:31] Contents for region B2:B40 retrieved. Caching...
[09/18/25 15:47:31] Contents for region A15:I15 retrieved. Caching...
[09/18/25 15:47:31] Got device info: ['14', 'Dev1', '2c:f7:f1:1c:30:ed', 'Dev1', 'Nikki testing on Dev1', 'Development ', 'Nikki testing on ', '60', 'C05R63WRENL']
[09/18/25 15:47:31] Message retrieved from config: Nikki testing on Dev1
[09/18/25 15:47:31] Posting message to Slack via AWS...
[09/18/25 15:47:31] AWS Payload: {"body": {"type": "post", "message": "Nikki testing on Dev1\n*To respond, reply to this message in a thread within 3 minutes*\n*To resolve, react with :white_check_mark: or :+1:*", "channel_id": "C05R63WRENL", "device_id": "Dev1"}}
[09/18/25 15:47:32] AWS Response: {'ResponseMetadata': {'RequestId': '8a1a4976-6229-471a-806c-0bc126da00aa', 'HTTPStatusCode': 200, 'HTTPHeaders': {'date': 'Thu, 18 Sep 2025 19:47:32 GMT', 'content-type': 'application/json', 'content-length': '297', 'connection': 'keep-alive', 'x-amzn-requestid': '8a1a4976-6229-471a-806c-0bc126da00aa', 'x-amzn-remapped-content-length': '0', 'x-amz-executed-version': '$LATEST', 'x-amzn-trace-id': 'Root=1-68cc61d3-63edd7560107aed6165406ec;Parent=528388991b82d843;Sampled=0;Lineage=1:8c6eb0ec:0'}, 'RetryAttempts': 0}, 'StatusCode': 200, 'ExecutedVersion': '$LATEST', 'Payload': <botocore.response.StreamingBody object at 0x000001A1B3C5DAB0>}
[09/18/25 15:47:32] Message posted to slack.
[09/18/25 15:47:32] SQS message received: {'ts': '1758224407.583999', 'reply_text': 'white_check_mark', 'reply_author': 'Nikki'}
[09/25/25 14:27:25] WARNING: SimpleAudio is not installed, audio will not play
[09/25/25 14:27:25] Setting up AWS...
[09/25/25 14:27:26] AWS successfully set-up
[09/25/25 14:27:26] Starting slack-Lambda-button gui...
[09/25/25 14:27:26] Setting up Google Sheets...
[09/25/25 14:27:26] Google Cloud token refreshed.
[09/25/25 14:27:26] Writing new token to file...
[09/25/25 14:27:26] Google Cloud OAuth flow complete.
[09/25/25 14:27:26] Getting spreadsheet 19GGko-gmBRb64y0fv989eFV-su0_kS4ZjqoAq8cY3Zg...
[09/25/25 14:27:27] Got existing spreadsheet with ID: 19GGko-gmBRb64y0fv989eFV-su0_kS4ZjqoAq8cY3Zg
[09/25/25 14:27:27] Caching spreadsheet...
[09/25/25 14:27:27] Got spreadsheet 19GGko-gmBRb64y0fv989eFV-su0_kS4ZjqoAq8cY3Zg
[09/25/25 14:27:27] Setting up Google Sheets...
[09/25/25 14:27:27] Google Cloud OAuth flow complete.
[09/25/25 14:27:27] Getting spreadsheet 1Id6Ez29KQm04MW5JkDW-2CX9GQwEW-HzJT06jJEfY1c...
[09/25/25 14:27:28] Got existing spreadsheet with ID: 1Id6Ez29KQm04MW5JkDW-2CX9GQwEW-HzJT06jJEfY1c
[09/25/25 14:27:28] Caching spreadsheet...
[09/25/25 14:27:28] Got spreadsheet 1Id6Ez29KQm04MW5JkDW-2CX9GQwEW-HzJT06jJEfY1c
[09/25/25 14:27:32] Interaction received, handling...
[09/25/25 14:27:32] Setting up Google Sheets...
[09/25/25 14:27:32] Google Cloud OAuth flow complete.
[09/25/25 14:27:32] Getting spreadsheet 1Id6Ez29KQm04MW5JkDW-2CX9GQwEW-HzJT06jJEfY1c...
[09/25/25 14:27:32] Spreadsheet 1Id6Ez29KQm04MW5JkDW-2CX9GQwEW-HzJT06jJEfY1c found in cache. Retrieving...
[09/25/25 14:27:32] Got spreadsheet 1Id6Ez29KQm04MW5JkDW-2CX9GQwEW-HzJT06jJEfY1c
[09/25/25 14:27:32] Getting device config...
[09/25/25 14:27:32] Looking for first empty row in spreadsheet 1Id6Ez29KQm04MW5JkDW-2CX9GQwEW-HzJT06jJEfY1c
[09/25/25 14:27:32] First empty row for spreadsheet 1Id6Ez29KQm04MW5JkDW-2CX9GQwEW-HzJT06jJEfY1c is 40
[09/25/25 14:27:32] Contents for region B2:B40 retrieved. Caching...
[09/25/25 14:27:32] Contents for region A15:I15 retrieved. Caching...
[09/25/25 14:27:32] Got device info: ['14', 'Dev1', '2c:f7:f1:1c:30:ed', 'Dev1', 'Nikki testing on Dev1', 'Development ', 'Nikki testing on ', '60', 'C05R63WRENL']
[09/25/25 14:27:32] Message retrieved from config: Nikki testing on Dev1
[09/25/25 14:27:32] Posting message to Slack via AWS...
[09/25/25 14:27:32] AWS Payload: {"body": {"type": "post", "message": "Nikki testing on Dev1\n*To respond, reply to this message in a thread within 3 minutes*\n*To resolve, react with :white_check_mark: or :+1:*", "channel_id": "C05R63WRENL", "device_id": "Dev1"}}
[09/25/25 14:27:34] AWS Response: {'ResponseMetadata': {'RequestId': 'a1ed8926-00c9-4e2c-a935-3036dbc0f58a', 'HTTPStatusCode': 200, 'HTTPHeaders': {'date': 'Thu, 25 Sep 2025 18:27:34 GMT', 'content-type': 'application/json', 'content-length': '297', 'connection': 'keep-alive', 'x-amzn-requestid': 'a1ed8926-00c9-4e2c-a935-3036dbc0f58a', 'x-amzn-remapped-content-length': '0', 'x-amz-executed-version': '$LATEST', 'x-amzn-trace-id': 'Root=1-68d58994-766392336826848a660ce5d5;Parent=606be6808a2eadf4;Sampled=0;Lineage=1:8c6eb0ec:0'}, 'RetryAttempts': 0}, 'StatusCode': 200, 'ExecutedVersion': '$LATEST', 'Payload': <botocore.response.StreamingBody object at 0x000001933E1C2F20>}
[09/25/25 14:27:34] Message posted to slack.
[09/25/25 14:31:09] WARNING: SimpleAudio is not installed, audio will not play
[09/25/25 14:31:09] Setting up AWS...
[09/25/25 14:31:09] AWS successfully set-up
[09/25/25 14:31:09] Starting slack-Lambda-button gui...
[09/25/25 14:31:09] Setting up Google Sheets...
[09/25/25 14:31:09] Google Cloud OAuth flow complete.
[09/25/25 14:31:09] Getting spreadsheet 19GGko-gmBRb64y0fv989eFV-su0_kS4ZjqoAq8cY3Zg...
[09/25/25 14:31:10] Got existing spreadsheet with ID: 19GGko-gmBRb64y0fv989eFV-su0_kS4ZjqoAq8cY3Zg
[09/25/25 14:31:10] Caching spreadsheet...
[09/25/25 14:31:10] Got spreadsheet 19GGko-gmBRb64y0fv989eFV-su0_kS4ZjqoAq8cY3Zg
[09/25/25 14:31:10] Setting up Google Sheets...
[09/25/25 14:31:10] Google Cloud OAuth flow complete.
[09/25/25 14:31:10] Getting spreadsheet 1Id6Ez29KQm04MW5JkDW-2CX9GQwEW-HzJT06jJEfY1c...
[09/25/25 14:31:10] Got existing spreadsheet with ID: 1Id6Ez29KQm04MW5JkDW-2CX9GQwEW-HzJT06jJEfY1c
[09/25/25 14:31:10] Caching spreadsheet...
[09/25/25 14:31:10] Got spreadsheet 1Id6Ez29KQm04MW5JkDW-2CX9GQwEW-HzJT06jJEfY1c
[09/25/25 14:31:11] Interaction received, handling...
[09/25/25 14:31:11] Setting up Google Sheets...
[09/25/25 14:31:11] Google Cloud OAuth flow complete.
[09/25/25 14:31:11] Getting spreadsheet 1Id6Ez29KQm04MW5JkDW-2CX9GQwEW-HzJT06jJEfY1c...
[09/25/25 14:31:11] Spreadsheet 1Id6Ez29KQm04MW5JkDW-2CX9GQwEW-HzJT06jJEfY1c found in cache. Retrieving...
[09/25/25 14:31:11] Got spreadsheet 1Id6Ez29KQm04MW5JkDW-2CX9GQwEW-HzJT06jJEfY1c
[09/25/25 14:31:11] Getting device config...
[09/25/25 14:31:11] Looking for first empty row in spreadsheet 1Id6Ez29KQm04MW5JkDW-2CX9GQwEW-HzJT06jJEfY1c
[09/25/25 14:31:11] First empty row for spreadsheet 1Id6Ez29KQm04MW5JkDW-2CX9GQwEW-HzJT06jJEfY1c is 40
[09/25/25 14:31:11] Contents for region B2:B40 retrieved. Caching...
[09/25/25 14:31:11] Contents for region A15:I15 retrieved. Caching...
[09/25/25 14:31:11] Got device info: ['14', 'Dev1', '2c:f7:f1:1c:30:ed', 'Dev1', 'Nikki testing on Dev1', 'Development ', 'Nikki testing on ', '60', 'C05R63WRENL']
[09/25/25 14:31:11] Message retrieved from config: Nikki testing on Dev1
[09/25/25 14:31:11] Posting message to Slack via AWS...
[09/25/25 14:31:11] AWS Payload: {"body": {"type": "post", "message": "Nikki testing on Dev1\n*To respond, reply to this message in a thread within 3 minutes*\n*To resolve, react with :white_check_mark: or :+1:*", "channel_id": "C05R63WRENL", "device_id": "Dev1"}}
[09/25/25 14:31:12] AWS Response: {'ResponseMetadata': {'RequestId': '0dc89387-b995-4e66-85ca-e4e41c7c1c3c', 'HTTPStatusCode': 200, 'HTTPHeaders': {'date': 'Thu, 25 Sep 2025 18:31:12 GMT', 'content-type': 'application/json', 'content-length': '297', 'connection': 'keep-alive', 'x-amzn-requestid': '0dc89387-b995-4e66-85ca-e4e41c7c1c3c', 'x-amzn-remapped-content-length': '0', 'x-amz-executed-version': '$LATEST', 'x-amzn-trace-id': 'Root=1-68d58a6f-7a9f63ae5d01aa697dcf478c;Parent=445bd724cfe452c2;Sampled=0;Lineage=1:8c6eb0ec:0'}, 'RetryAttempts': 0}, 'StatusCode': 200, 'ExecutedVersion': '$LATEST', 'Payload': <botocore.response.StreamingBody object at 0x0000011F81F99F90>}
[09/25/25 14:31:12] Message posted to slack.
[09/25/25 14:32:57] WARNING: SimpleAudio is not installed, audio will not play
[09/25/25 14:37:56] WARNING: SimpleAudio is not installed, audio will not play
[09/25/25 14:37:57] Setting up AWS...
[09/25/25 14:37:57] AWS successfully set-up
[09/25/25 14:37:57] Starting slack-Lambda-button gui...
[09/25/25 14:37:57] Setting up Google Sheets...
[09/25/25 14:37:57] Google Cloud OAuth flow complete.
[09/25/25 14:37:57] Getting spreadsheet 19GGko-gmBRb64y0fv989eFV-su0_kS4ZjqoAq8cY3Zg...
[09/25/25 14:37:57] Got existing spreadsheet with ID: 19GGko-gmBRb64y0fv989eFV-su0_kS4ZjqoAq8cY3Zg
[09/25/25 14:37:57] Caching spreadsheet...
[09/25/25 14:37:57] Got spreadsheet 19GGko-gmBRb64y0fv989eFV-su0_kS4ZjqoAq8cY3Zg
[09/25/25 14:37:57] Setting up Google Sheets...
[09/25/25 14:37:57] Google Cloud OAuth flow complete.
[09/25/25 14:37:57] Getting spreadsheet 1Id6Ez29KQm04MW5JkDW-2CX9GQwEW-HzJT06jJEfY1c...
[09/25/25 14:37:58] Got existing spreadsheet with ID: 1Id6Ez29KQm04MW5JkDW-2CX9GQwEW-HzJT06jJEfY1c
[09/25/25 14:37:58] Caching spreadsheet...
[09/25/25 14:37:58] Got spreadsheet 1Id6Ez29KQm04MW5JkDW-2CX9GQwEW-HzJT06jJEfY1c
[09/25/25 14:38:33] WARNING: SimpleAudio is not installed, audio will not play
[09/25/25 14:38:33] Setting up AWS...
[09/25/25 14:38:33] AWS successfully set-up
[09/25/25 14:38:33] Starting slack-Lambda-button gui...
[09/25/25 14:38:33] Setting up Google Sheets...
[09/25/25 14:38:33] Google Cloud OAuth flow complete.
[09/25/25 14:38:33] Getting spreadsheet 19GGko-gmBRb64y0fv989eFV-su0_kS4ZjqoAq8cY3Zg...
[09/25/25 14:38:34] Got existing spreadsheet with ID: 19GGko-gmBRb64y0fv989eFV-su0_kS4ZjqoAq8cY3Zg
[09/25/25 14:38:34] Caching spreadsheet...
[09/25/25 14:38:34] Got spreadsheet 19GGko-gmBRb64y0fv989eFV-su0_kS4ZjqoAq8cY3Zg
[09/25/25 14:38:34] Setting up Google Sheets...
[09/25/25 14:38:34] Google Cloud OAuth flow complete.
[09/25/25 14:38:34] Getting spreadsheet 1Id6Ez29KQm04MW5JkDW-2CX9GQwEW-HzJT06jJEfY1c...
[09/25/25 14:38:34] Got existing spreadsheet with ID: 1Id6Ez29KQm04MW5JkDW-2CX9GQwEW-HzJT06jJEfY1c
[09/25/25 14:38:34] Caching spreadsheet...
[09/25/25 14:38:34] Got spreadsheet 1Id6Ez29KQm04MW5JkDW-2CX9GQwEW-HzJT06jJEfY1c
[09/25/25 14:38:36] Interaction received, handling...
[09/25/25 14:38:36] Setting up Google Sheets...
[09/25/25 14:38:36] Google Cloud OAuth flow complete.
[09/25/25 14:38:36] Getting spreadsheet 1Id6Ez29KQm04MW5JkDW-2CX9GQwEW-HzJT06jJEfY1c...
[09/25/25 14:38:36] Spreadsheet 1Id6Ez29KQm04MW5JkDW-2CX9GQwEW-HzJT06jJEfY1c found in cache. Retrieving...
[09/25/25 14:38:36] Got spreadsheet 1Id6Ez29KQm04MW5JkDW-2CX9GQwEW-HzJT06jJEfY1c
[09/25/25 14:38:36] Getting device config...
[09/25/25 14:38:36] Looking for first empty row in spreadsheet 1Id6Ez29KQm04MW5JkDW-2CX9GQwEW-HzJT06jJEfY1c
[09/25/25 14:38:36] First empty row for spreadsheet 1Id6Ez29KQm04MW5JkDW-2CX9GQwEW-HzJT06jJEfY1c is 40
[09/25/25 14:38:36] Contents for region B2:B40 retrieved. Caching...
[09/25/25 14:38:36] Contents for region A15:I15 retrieved. Caching...
[09/25/25 14:38:36] Got device info: ['14', 'Dev1', '2c:f7:f1:1c:30:ed', 'Dev1', 'Nikki testing on Dev1', 'Development ', 'Nikki testing on ', '60', 'C05R63WRENL']
[09/25/25 14:38:36] Message retrieved from config: Nikki testing on Dev1
[09/25/25 14:38:43] Interaction received, handling...
[09/25/25 14:38:43] Setting up Google Sheets...
[09/25/25 14:38:43] Google Cloud OAuth flow complete.
[09/25/25 14:38:43] Getting spreadsheet 1Id6Ez29KQm04MW5JkDW-2CX9GQwEW-HzJT06jJEfY1c...
[09/25/25 14:38:43] Spreadsheet 1Id6Ez29KQm04MW5JkDW-2CX9GQwEW-HzJT06jJEfY1c found in cache. Retrieving...
[09/25/25 14:38:43] Got spreadsheet 1Id6Ez29KQm04MW5JkDW-2CX9GQwEW-HzJT06jJEfY1c
[09/25/25 14:38:43] Getting device config...
[09/25/25 14:38:43] Looking for first empty row in spreadsheet 1Id6Ez29KQm04MW5JkDW-2CX9GQwEW-HzJT06jJEfY1c
[09/25/25 14:38:43] Cached value found for spreadsheet 1Id6Ez29KQm04MW5JkDW-2CX9GQwEW-HzJT06jJEfY1c first empty row: 40
[09/25/25 14:38:43] Cached region B2:B40 found in spreadsheet 1Id6Ez29KQm04MW5JkDW-2CX9GQwEW-HzJT06jJEfY1c.
[09/25/25 14:38:43] Cached region A15:I15 found in spreadsheet 1Id6Ez29KQm04MW5JkDW-2CX9GQwEW-HzJT06jJEfY1c.
[09/25/25 14:38:43] Got device info: ['14', 'Dev1', '2c:f7:f1:1c:30:ed', 'Dev1', 'Nikki testing on Dev1', 'Development ', 'Nikki testing on ', '60', 'C05R63WRENL']
[09/25/25 14:38:43] Message retrieved from config: Nikki testing on Dev1
[09/25/25 14:41:29] WARNING: SimpleAudio is not installed, audio will not play
[09/25/25 14:41:30] Setting up AWS...
[09/25/25 14:41:30] AWS successfully set-up
[09/25/25 14:41:30] Starting slack-Lambda-button gui...
[09/25/25 14:41:30] Setting up Google Sheets...
[09/25/25 14:41:30] Google Cloud OAuth flow complete.
[09/25/25 14:41:30] Getting spreadsheet 19GGko-gmBRb64y0fv989eFV-su0_kS4ZjqoAq8cY3Zg...
[09/25/25 14:41:30] Got existing spreadsheet with ID: 19GGko-gmBRb64y0fv989eFV-su0_kS4ZjqoAq8cY3Zg
[09/25/25 14:41:30] Caching spreadsheet...
[09/25/25 14:41:30] Got spreadsheet 19GGko-gmBRb64y0fv989eFV-su0_kS4ZjqoAq8cY3Zg
[09/25/25 14:41:30] Setting up Google Sheets...
[09/25/25 14:41:30] Google Cloud OAuth flow complete.
[09/25/25 14:41:30] Getting spreadsheet 1Id6Ez29KQm04MW5JkDW-2CX9GQwEW-HzJT06jJEfY1c...
[09/25/25 14:41:31] Got existing spreadsheet with ID: 1Id6Ez29KQm04MW5JkDW-2CX9GQwEW-HzJT06jJEfY1c
[09/25/25 14:41:31] Caching spreadsheet...
[09/25/25 14:41:31] Got spreadsheet 1Id6Ez29KQm04MW5JkDW-2CX9GQwEW-HzJT06jJEfY1c
[09/25/25 14:41:33] Interaction received, handling...
[09/25/25 14:41:33] Setting up Google Sheets...
[09/25/25 14:41:33] Google Cloud OAuth flow complete.
[09/25/25 14:41:33] Getting spreadsheet 1Id6Ez29KQm04MW5JkDW-2CX9GQwEW-HzJT06jJEfY1c...
[09/25/25 14:41:33] Spreadsheet 1Id6Ez29KQm04MW5JkDW-2CX9GQwEW-HzJT06jJEfY1c found in cache. Retrieving...
[09/25/25 14:41:33] Got spreadsheet 1Id6Ez29KQm04MW5JkDW-2CX9GQwEW-HzJT06jJEfY1c
[09/25/25 14:41:33] Getting device config...
[09/25/25 14:41:33] Looking for first empty row in spreadsheet 1Id6Ez29KQm04MW5JkDW-2CX9GQwEW-HzJT06jJEfY1c
[09/25/25 14:41:33] First empty row for spreadsheet 1Id6Ez29KQm04MW5JkDW-2CX9GQwEW-HzJT06jJEfY1c is 40
[09/25/25 14:41:33] Contents for region B2:B40 retrieved. Caching...
[09/25/25 14:41:33] Contents for region A15:I15 retrieved. Caching...
[09/25/25 14:41:33] Got device info: ['14', 'Dev1', '2c:f7:f1:1c:30:ed', 'Dev1', 'Nikki testing on Dev1', 'Development ', 'Nikki testing on ', '60', 'C05R63WRENL']
[09/25/25 14:41:33] Message retrieved from config: Nikki testing on Dev1
[09/25/25 14:42:44] WARNING: SimpleAudio is not installed, audio will not play
[09/25/25 14:42:44] Setting up AWS...
[09/25/25 14:42:45] AWS successfully set-up
[09/25/25 14:42:45] Starting slack-Lambda-button gui...
[09/25/25 14:42:45] Setting up Google Sheets...
[09/25/25 14:42:45] Google Cloud OAuth flow complete.
[09/25/25 14:42:45] Getting spreadsheet 19GGko-gmBRb64y0fv989eFV-su0_kS4ZjqoAq8cY3Zg...
[09/25/25 14:42:45] Got existing spreadsheet with ID: 19GGko-gmBRb64y0fv989eFV-su0_kS4ZjqoAq8cY3Zg
[09/25/25 14:42:45] Caching spreadsheet...
[09/25/25 14:42:45] Got spreadsheet 19GGko-gmBRb64y0fv989eFV-su0_kS4ZjqoAq8cY3Zg
[09/25/25 14:42:45] Setting up Google Sheets...
[09/25/25 14:42:45] Google Cloud OAuth flow complete.
[09/25/25 14:42:45] Getting spreadsheet 1Id6Ez29KQm04MW5JkDW-2CX9GQwEW-HzJT06jJEfY1c...
[09/25/25 14:42:45] Got existing spreadsheet with ID: 1Id6Ez29KQm04MW5JkDW-2CX9GQwEW-HzJT06jJEfY1c
[09/25/25 14:42:45] Caching spreadsheet...
[09/25/25 14:42:45] Got spreadsheet 1Id6Ez29KQm04MW5JkDW-2CX9GQwEW-HzJT06jJEfY1c
[09/25/25 14:42:46] Interaction received, handling...
[09/25/25 14:42:46] Setting up Google Sheets...
[09/25/25 14:42:46] Google Cloud OAuth flow complete.
[09/25/25 14:42:46] Getting spreadsheet 1Id6Ez29KQm04MW5JkDW-2CX9GQwEW-HzJT06jJEfY1c...
[09/25/25 14:42:46] Spreadsheet 1Id6Ez29KQm04MW5JkDW-2CX9GQwEW-HzJT06jJEfY1c found in cache. Retrieving...
[09/25/25 14:42:46] Got spreadsheet 1Id6Ez29KQm04MW5JkDW-2CX9GQwEW-HzJT06jJEfY1c
[09/25/25 14:42:46] Getting device config...
[09/25/25 14:42:46] Looking for first empty row in spreadsheet 1Id6Ez29KQm04MW5JkDW-2CX9GQwEW-HzJT06jJEfY1c
[09/25/25 14:42:46] First empty row for spreadsheet 1Id6Ez29KQm04MW5JkDW-2CX9GQwEW-HzJT06jJEfY1c is 40
[09/25/25 14:42:46] Contents for region B2:B40 retrieved. Caching...
[09/25/25 14:42:46] Contents for region A15:I15 retrieved. Caching...
[09/25/25 14:42:46] Got device info: ['14', 'Dev1', '2c:f7:f1:1c:30:ed', 'Dev1', 'Nikki testing on Dev1', 'Development ', 'Nikki testing on ', '60', 'C05R63WRENL']
[09/25/25 14:42:46] Message retrieved from config: Nikki testing on Dev1
[09/25/25 14:45:48] Getting device config...
[09/25/25 14:45:48] Looking for first empty row in spreadsheet 1Id6Ez29KQm04MW5JkDW-2CX9GQwEW-HzJT06jJEfY1c
[09/25/25 14:45:48] Cached value found for spreadsheet 1Id6Ez29KQm04MW5JkDW-2CX9GQwEW-HzJT06jJEfY1c first empty row: 40
[09/25/25 14:45:48] Cached region B2:B40 found in spreadsheet 1Id6Ez29KQm04MW5JkDW-2CX9GQwEW-HzJT06jJEfY1c.
[09/25/25 14:45:48] Cached region A15:I15 found in spreadsheet 1Id6Ez29KQm04MW5JkDW-2CX9GQwEW-HzJT06jJEfY1c.
[09/25/25 14:45:48] Got device info: ['14', 'Dev1', '2c:f7:f1:1c:30:ed', 'Dev1', 'Nikki testing on Dev1', 'Development ', 'Nikki testing on ', '60', 'C05R63WRENL']
[09/25/25 14:45:48] Looking for first empty row in spreadsheet 19GGko-gmBRb64y0fv989eFV-su0_kS4ZjqoAq8cY3Zg
[09/25/25 14:45:48] First empty row for spreadsheet 19GGko-gmBRb64y0fv989eFV-su0_kS4ZjqoAq8cY3Zg is 2
[09/25/25 14:45:49] 3 cells added in row 2 of spreadsheet 19GGko-gmBRb64y0fv989eFV-su0_kS4ZjqoAq8cY3Zg: ['September 25, 2025 02:45:48 PM', 'Dev1', 'Timed Out']
[09/25/25 14:45:49] Marking message None as timed out...
[09/25/25 14:45:49] AWS Payload: {"body": {"type": "message_timeout", "message_id": null, "channel_id": null}}
[09/25/25 14:45:50] AWS Response: {'ResponseMetadata': {'RequestId': '57486637-def7-453e-9e84-01b488c473da', 'HTTPStatusCode': 200, 'HTTPHeaders': {'date': 'Thu, 25 Sep 2025 18:45:50 GMT', 'content-type': 'application/json', 'content-length': '148', 'connection': 'keep-alive', 'x-amzn-requestid': '57486637-def7-453e-9e84-01b488c473da', 'x-amzn-remapped-content-length': '0', 'x-amz-executed-version': '$LATEST', 'x-amzn-trace-id': 'Root=1-68d58ddd-0d8ee8db1b3a45a01297bedc;Parent=566a73f1ab560b5c;Sampled=0;Lineage=1:8c6eb0ec:0'}, 'RetryAttempts': 0}, 'StatusCode': 200, 'ExecutedVersion': '$LATEST', 'Payload': <botocore.response.StreamingBody object at 0x000002243A693AC0>}
[09/25/25 14:46:50] WARNING: SimpleAudio is not installed, audio will not play
[09/25/25 14:46:50] Setting up AWS...
[09/25/25 14:46:51] AWS successfully set-up
[09/25/25 14:46:51] Starting slack-Lambda-button gui...
[09/25/25 14:46:51] Setting up Google Sheets...
[09/25/25 14:46:51] Google Cloud OAuth flow complete.
[09/25/25 14:46:51] Getting spreadsheet 19GGko-gmBRb64y0fv989eFV-su0_kS4ZjqoAq8cY3Zg...
[09/25/25 14:46:51] Got existing spreadsheet with ID: 19GGko-gmBRb64y0fv989eFV-su0_kS4ZjqoAq8cY3Zg
[09/25/25 14:46:51] Caching spreadsheet...
[09/25/25 14:46:51] Got spreadsheet 19GGko-gmBRb64y0fv989eFV-su0_kS4ZjqoAq8cY3Zg
[09/25/25 14:46:51] Setting up Google Sheets...
[09/25/25 14:46:51] Google Cloud OAuth flow complete.
[09/25/25 14:46:51] Getting spreadsheet 1Id6Ez29KQm04MW5JkDW-2CX9GQwEW-HzJT06jJEfY1c...
[09/25/25 14:46:52] Got existing spreadsheet with ID: 1Id6Ez29KQm04MW5JkDW-2CX9GQwEW-HzJT06jJEfY1c
[09/25/25 14:46:52] Caching spreadsheet...
[09/25/25 14:46:52] Got spreadsheet 1Id6Ez29KQm04MW5JkDW-2CX9GQwEW-HzJT06jJEfY1c
[09/25/25 14:46:53] Interaction received, handling...
[09/25/25 14:46:53] Setting up Google Sheets...
[09/25/25 14:46:53] Google Cloud OAuth flow complete.
[09/25/25 14:46:53] Getting spreadsheet 1Id6Ez29KQm04MW5JkDW-2CX9GQwEW-HzJT06jJEfY1c...
[09/25/25 14:46:53] Spreadsheet 1Id6Ez29KQm04MW5JkDW-2CX9GQwEW-HzJT06jJEfY1c found in cache. Retrieving...
[09/25/25 14:46:53] Got spreadsheet 1Id6Ez29KQm04MW5JkDW-2CX9GQwEW-HzJT06jJEfY1c
[09/25/25 14:46:53] Getting device config...
[09/25/25 14:46:53] Looking for first empty row in spreadsheet 1Id6Ez29KQm04MW5JkDW-2CX9GQwEW-HzJT06jJEfY1c
[09/25/25 14:46:53] First empty row for spreadsheet 1Id6Ez29KQm04MW5JkDW-2CX9GQwEW-HzJT06jJEfY1c is 40
[09/25/25 14:46:53] Contents for region B2:B40 retrieved. Caching...
[09/25/25 14:46:53] Contents for region A15:I15 retrieved. Caching...
[09/25/25 14:46:53] Got device info: ['14', 'Dev1', '2c:f7:f1:1c:30:ed', 'Dev1', 'Nikki testing on Dev1', 'Development ', 'Nikki testing on ', '60', 'C05R63WRENL']
[09/25/25 14:46:53] Message retrieved from config: Nikki testing on Dev1
[09/25/25 14:46:53] Posting message to Slack via AWS...
[09/25/25 14:46:53] AWS Payload: {"body": {"type": "post", "message": "Nikki testing on Dev1\n*To respond, reply to this message in a thread within 3 minutes*\n*To resolve, react with :white_check_mark: or :+1:*", "channel_id": "C05R63WRENL", "device_id": "Dev1"}}
[09/25/25 14:46:54] AWS Response: {'ResponseMetadata': {'RequestId': '825b6257-da74-4657-b985-ac7d04013081', 'HTTPStatusCode': 200, 'HTTPHeaders': {'date': 'Thu, 25 Sep 2025 18:46:53 GMT', 'content-type': 'application/json', 'content-length': '297', 'connection': 'keep-alive', 'x-amzn-requestid': '825b6257-da74-4657-b985-ac7d04013081', 'x-amzn-remapped-content-length': '0', 'x-amz-executed-version': '$LATEST', 'x-amzn-trace-id': 'Root=1-68d58e1d-559c2bef5f46fd6164b41dd3;Parent=02bb4fcbc7370ee5;Sampled=0;Lineage=1:8c6eb0ec:0'}, 'RetryAttempts': 0}, 'StatusCode': 200, 'ExecutedVersion': '$LATEST', 'Payload': <botocore.response.StreamingBody object at 0x00000272107826E0>}
[09/25/25 14:46:54] Message posted to slack.
[09/25/25 14:49:55] Getting device config...
[09/25/25 14:49:55] Looking for first empty row in spreadsheet 1Id6Ez29KQm04MW5JkDW-2CX9GQwEW-HzJT06jJEfY1c
[09/25/25 14:49:55] Cached value found for spreadsheet 1Id6Ez29KQm04MW5JkDW-2CX9GQwEW-HzJT06jJEfY1c first empty row: 40
[09/25/25 14:49:55] Cached region B2:B40 found in spreadsheet 1Id6Ez29KQm04MW5JkDW-2CX9GQwEW-HzJT06jJEfY1c.
[09/25/25 14:49:55] Cached region A15:I15 found in spreadsheet 1Id6Ez29KQm04MW5JkDW-2CX9GQwEW-HzJT06jJEfY1c.
[09/25/25 14:49:55] Got device info: ['14', 'Dev1', '2c:f7:f1:1c:30:ed', 'Dev1', 'Nikki testing on Dev1', 'Development ', 'Nikki testing on ', '60', 'C05R63WRENL']
[09/25/25 14:49:55] Looking for first empty row in spreadsheet 19GGko-gmBRb64y0fv989eFV-su0_kS4ZjqoAq8cY3Zg
[09/25/25 14:49:55] First empty row for spreadsheet 19GGko-gmBRb64y0fv989eFV-su0_kS4ZjqoAq8cY3Zg is 2
[09/25/25 14:49:56] 3 cells added in row 2 of spreadsheet 19GGko-gmBRb64y0fv989eFV-su0_kS4ZjqoAq8cY3Zg: ['September 25, 2025 02:49:55 PM', 'Dev1', 'Timed Out']
[09/25/25 14:49:56] Marking message 1758826013.953169 as timed out...
[09/25/25 14:49:56] AWS Payload: {"body": {"type": "message_timeout", "message_id": "1758826013.953169", "channel_id": "C05R63WRENL"}}
[09/25/25 14:49:56] AWS Response: {'ResponseMetadata': {'RequestId': 'bf66d554-d2e6-4ffd-b2b6-210847aa80fd', 'HTTPStatusCode': 200, 'HTTPHeaders': {'date': 'Thu, 25 Sep 2025 18:49:56 GMT', 'content-type': 'application/json', 'content-length': '148', 'connection': 'keep-alive', 'x-amzn-requestid': 'bf66d554-d2e6-4ffd-b2b6-210847aa80fd', 'x-amzn-remapped-content-length': '0', 'x-amz-executed-version': '$LATEST', 'x-amzn-trace-id': 'Root=1-68d58ed4-0995441d048c1dcd71b0632a;Parent=6fd727646e7c7d30;Sampled=0;Lineage=1:8c6eb0ec:0'}, 'RetryAttempts': 0}, 'StatusCode': 200, 'ExecutedVersion': '$LATEST', 'Payload': <botocore.response.StreamingBody object at 0x00000272197104C0>}
[09/25/25 15:01:44] WARNING: SimpleAudio is not installed, audio will not play
[09/25/25 15:01:45] Setting up AWS...
[09/25/25 15:01:45] AWS successfully set-up
[09/25/25 15:01:45] Starting slack-Lambda-button gui...
[09/25/25 15:01:45] Setting up Google Sheets...
[09/25/25 15:01:45] Google Cloud OAuth flow complete.
[09/25/25 15:01:45] Getting spreadsheet 19GGko-gmBRb64y0fv989eFV-su0_kS4ZjqoAq8cY3Zg...
[09/25/25 15:01:45] Got existing spreadsheet with ID: 19GGko-gmBRb64y0fv989eFV-su0_kS4ZjqoAq8cY3Zg
[09/25/25 15:01:45] Caching spreadsheet...
[09/25/25 15:01:45] Got spreadsheet 19GGko-gmBRb64y0fv989eFV-su0_kS4ZjqoAq8cY3Zg
[09/25/25 15:01:45] Setting up Google Sheets...
[09/25/25 15:01:45] Google Cloud OAuth flow complete.
[09/25/25 15:01:45] Getting spreadsheet 1Id6Ez29KQm04MW5JkDW-2CX9GQwEW-HzJT06jJEfY1c...
[09/25/25 15:01:46] Got existing spreadsheet with ID: 1Id6Ez29KQm04MW5JkDW-2CX9GQwEW-HzJT06jJEfY1c
[09/25/25 15:01:46] Caching spreadsheet...
[09/25/25 15:01:46] Got spreadsheet 1Id6Ez29KQm04MW5JkDW-2CX9GQwEW-HzJT06jJEfY1c
[09/25/25 15:01:47] Interaction received, handling...
[09/25/25 15:01:47] Setting up Google Sheets...
[09/25/25 15:01:47] Google Cloud OAuth flow complete.
[09/25/25 15:01:47] Getting spreadsheet 1Id6Ez29KQm04MW5JkDW-2CX9GQwEW-HzJT06jJEfY1c...
[09/25/25 15:01:47] Spreadsheet 1Id6Ez29KQm04MW5JkDW-2CX9GQwEW-HzJT06jJEfY1c found in cache. Retrieving...
[09/25/25 15:01:47] Got spreadsheet 1Id6Ez29KQm04MW5JkDW-2CX9GQwEW-HzJT06jJEfY1c
[09/25/25 15:01:47] Getting device config...
[09/25/25 15:01:47] Looking for first empty row in spreadsheet 1Id6Ez29KQm04MW5JkDW-2CX9GQwEW-HzJT06jJEfY1c
[09/25/25 15:01:48] First empty row for spreadsheet 1Id6Ez29KQm04MW5JkDW-2CX9GQwEW-HzJT06jJEfY1c is 40
[09/25/25 15:01:48] Contents for region A2:I40 retrieved. Caching...
[09/25/25 15:02:11] WARNING: SimpleAudio is not installed, audio will not play
[09/25/25 15:02:11] Setting up AWS...
[09/25/25 15:02:11] AWS successfully set-up
[09/25/25 15:02:11] Starting slack-Lambda-button gui...
[09/25/25 15:02:11] Setting up Google Sheets...
[09/25/25 15:02:11] Google Cloud OAuth flow complete.
[09/25/25 15:02:11] Getting spreadsheet 19GGko-gmBRb64y0fv989eFV-su0_kS4ZjqoAq8cY3Zg...
[09/25/25 15:02:12] Got existing spreadsheet with ID: 19GGko-gmBRb64y0fv989eFV-su0_kS4ZjqoAq8cY3Zg
[09/25/25 15:02:12] Caching spreadsheet...
[09/25/25 15:02:12] Got spreadsheet 19GGko-gmBRb64y0fv989eFV-su0_kS4ZjqoAq8cY3Zg
[09/25/25 15:02:12] Setting up Google Sheets...
[09/25/25 15:02:12] Google Cloud OAuth flow complete.
[09/25/25 15:02:12] Getting spreadsheet 1Id6Ez29KQm04MW5JkDW-2CX9GQwEW-HzJT06jJEfY1c...
[09/25/25 15:02:12] Got existing spreadsheet with ID: 1Id6Ez29KQm04MW5JkDW-2CX9GQwEW-HzJT06jJEfY1c
[09/25/25 15:02:12] Caching spreadsheet...
[09/25/25 15:02:12] Got spreadsheet 1Id6Ez29KQm04MW5JkDW-2CX9GQwEW-HzJT06jJEfY1c
[09/25/25 15:02:13] Interaction received, handling...
[09/25/25 15:02:13] Setting up Google Sheets...
[09/25/25 15:02:13] Google Cloud OAuth flow complete.
[09/25/25 15:02:13] Getting spreadsheet 1Id6Ez29KQm04MW5JkDW-2CX9GQwEW-HzJT06jJEfY1c...
[09/25/25 15:02:13] Spreadsheet 1Id6Ez29KQm04MW5JkDW-2CX9GQwEW-HzJT06jJEfY1c found in cache. Retrieving...
[09/25/25 15:02:13] Got spreadsheet 1Id6Ez29KQm04MW5JkDW-2CX9GQwEW-HzJT06jJEfY1c
[09/25/25 15:02:13] Getting device config...
[09/25/25 15:02:13] Looking for first empty row in spreadsheet 1Id6Ez29KQm04MW5JkDW-2CX9GQwEW-HzJT06jJEfY1c
[09/25/25 15:02:13] First empty row for spreadsheet 1Id6Ez29KQm04MW5JkDW-2CX9GQwEW-HzJT06jJEfY1c is 40
[09/25/25 15:02:13] Contents for region A2:I40 retrieved. Caching...
[09/25/25 15:02:13] Unable to get device config. Device Dev1 was not listed. Exiting.
[09/25/25 15:03:41] WARNING: SimpleAudio is not installed, audio will not play
[09/25/25 15:03:42] Setting up AWS...
[09/25/25 15:03:42] AWS successfully set-up
[09/25/25 15:03:42] Starting slack-Lambda-button gui...
[09/25/25 15:03:42] Setting up Google Sheets...
[09/25/25 15:03:42] Google Cloud OAuth flow complete.
[09/25/25 15:03:42] Getting spreadsheet 19GGko-gmBRb64y0fv989eFV-su0_kS4ZjqoAq8cY3Zg...
[09/25/25 15:03:43] Got existing spreadsheet with ID: 19GGko-gmBRb64y0fv989eFV-su0_kS4ZjqoAq8cY3Zg
[09/25/25 15:03:43] Caching spreadsheet...
[09/25/25 15:03:43] Got spreadsheet 19GGko-gmBRb64y0fv989eFV-su0_kS4ZjqoAq8cY3Zg
[09/25/25 15:03:43] Setting up Google Sheets...
[09/25/25 15:03:43] Google Cloud OAuth flow complete.
[09/25/25 15:03:43] Getting spreadsheet 1Id6Ez29KQm04MW5JkDW-2CX9GQwEW-HzJT06jJEfY1c...
[09/25/25 15:03:43] Got existing spreadsheet with ID: 1Id6Ez29KQm04MW5JkDW-2CX9GQwEW-HzJT06jJEfY1c
[09/25/25 15:03:43] Caching spreadsheet...
[09/25/25 15:03:43] Got spreadsheet 1Id6Ez29KQm04MW5JkDW-2CX9GQwEW-HzJT06jJEfY1c
[09/25/25 15:03:52] Interaction received, handling...
[09/25/25 15:03:52] Setting up Google Sheets...
[09/25/25 15:03:52] Google Cloud OAuth flow complete.
[09/25/25 15:03:52] Getting spreadsheet 1Id6Ez29KQm04MW5JkDW-2CX9GQwEW-HzJT06jJEfY1c...
[09/25/25 15:03:52] Spreadsheet 1Id6Ez29KQm04MW5JkDW-2CX9GQwEW-HzJT06jJEfY1c found in cache. Retrieving...
[09/25/25 15:03:52] Got spreadsheet 1Id6Ez29KQm04MW5JkDW-2CX9GQwEW-HzJT06jJEfY1c
[09/25/25 15:03:52] Getting device config...
[09/25/25 15:03:52] Looking for first empty row in spreadsheet 1Id6Ez29KQm04MW5JkDW-2CX9GQwEW-HzJT06jJEfY1c
[09/25/25 15:03:53] First empty row for spreadsheet 1Id6Ez29KQm04MW5JkDW-2CX9GQwEW-HzJT06jJEfY1c is 40
[09/25/25 15:03:53] Contents for region A2:I40 retrieved. Caching...
[09/25/25 15:04:22] WARNING: SimpleAudio is not installed, audio will not play
[09/25/25 15:04:23] Setting up AWS...
[09/25/25 15:04:23] AWS successfully set-up
[09/25/25 15:04:23] Starting slack-Lambda-button gui...
[09/25/25 15:04:23] Setting up Google Sheets...
[09/25/25 15:04:23] Google Cloud OAuth flow complete.
[09/25/25 15:04:23] Getting spreadsheet 19GGko-gmBRb64y0fv989eFV-su0_kS4ZjqoAq8cY3Zg...
[09/25/25 15:04:23] Got existing spreadsheet with ID: 19GGko-gmBRb64y0fv989eFV-su0_kS4ZjqoAq8cY3Zg
[09/25/25 15:04:23] Caching spreadsheet...
[09/25/25 15:04:23] Got spreadsheet 19GGko-gmBRb64y0fv989eFV-su0_kS4ZjqoAq8cY3Zg
[09/25/25 15:04:23] Setting up Google Sheets...
[09/25/25 15:04:23] Google Cloud OAuth flow complete.
[09/25/25 15:04:23] Getting spreadsheet 1Id6Ez29KQm04MW5JkDW-2CX9GQwEW-HzJT06jJEfY1c...
[09/25/25 15:04:24] Got existing spreadsheet with ID: 1Id6Ez29KQm04MW5JkDW-2CX9GQwEW-HzJT06jJEfY1c
[09/25/25 15:04:24] Caching spreadsheet...
[09/25/25 15:04:24] Got spreadsheet 1Id6Ez29KQm04MW5JkDW-2CX9GQwEW-HzJT06jJEfY1c
[09/25/25 15:04:26] Interaction received, handling...
[09/25/25 15:04:26] Setting up Google Sheets...
[09/25/25 15:04:26] Google Cloud OAuth flow complete.
[09/25/25 15:04:26] Getting spreadsheet 1Id6Ez29KQm04MW5JkDW-2CX9GQwEW-HzJT06jJEfY1c...
[09/25/25 15:04:26] Spreadsheet 1Id6Ez29KQm04MW5JkDW-2CX9GQwEW-HzJT06jJEfY1c found in cache. Retrieving...
[09/25/25 15:04:26] Got spreadsheet 1Id6Ez29KQm04MW5JkDW-2CX9GQwEW-HzJT06jJEfY1c
[09/25/25 15:04:26] Getting device config...
[09/25/25 15:04:26] Looking for first empty row in spreadsheet 1Id6Ez29KQm04MW5JkDW-2CX9GQwEW-HzJT06jJEfY1c
[09/25/25 15:04:26] First empty row for spreadsheet 1Id6Ez29KQm04MW5JkDW-2CX9GQwEW-HzJT06jJEfY1c is 40
[09/25/25 15:04:26] Contents for region A2:I40 retrieved. Caching...
[09/25/25 15:05:05] Got device info: ['14', 'Dev1', '2c:f7:f1:1c:30:ed', 'Dev1', 'Nikki testing on Dev1', 'Development ', 'Nikki testing on ', '60', 'C05R63WRENL']
[09/25/25 15:05:05] Message retrieved from config: Nikki testing on Dev1
[09/25/25 15:05:05] Posting message to Slack via AWS...
[09/25/25 15:05:05] AWS Payload: {"body": {"type": "post", "message": "Nikki testing on Dev1\n*To respond, reply to this message in a thread within 3 minutes*\n*To resolve, react with :white_check_mark: or :+1:*", "channel_id": "C05R63WRENL", "device_id": "Dev1"}}
[09/25/25 15:05:06] AWS Response: {'ResponseMetadata': {'RequestId': '7f7be950-828d-4563-a294-25de2282032d', 'HTTPStatusCode': 200, 'HTTPHeaders': {'date': 'Thu, 25 Sep 2025 19:05:06 GMT', 'content-type': 'application/json', 'content-length': '297', 'connection': 'keep-alive', 'x-amzn-requestid': '7f7be950-828d-4563-a294-25de2282032d', 'x-amzn-remapped-content-length': '0', 'x-amz-executed-version': '$LATEST', 'x-amzn-trace-id': 'Root=1-68d59261-4d847c766f53004a635b8627;Parent=40a4b0680023f68f;Sampled=0;Lineage=1:8c6eb0ec:0'}, 'RetryAttempts': 0}, 'StatusCode': 200, 'ExecutedVersion': '$LATEST', 'Payload': <botocore.response.StreamingBody object at 0x0000026AC559B580>}
[09/25/25 15:05:06] Message posted to slack.
[09/25/25 15:05:16] SQS message received: {'ts': '1758827106.878699', 'reply_text': 'white_check_mark', 'reply_author': 'Nikki'}
[09/25/25 15:05:17] Getting device config...
[09/25/25 15:05:17] Looking for first empty row in spreadsheet 1Id6Ez29KQm04MW5JkDW-2CX9GQwEW-HzJT06jJEfY1c
[09/25/25 15:05:17] Cached value found for spreadsheet 1Id6Ez29KQm04MW5JkDW-2CX9GQwEW-HzJT06jJEfY1c first empty row: 40
[09/25/25 15:05:17] Cached region A2:I40 found in spreadsheet 1Id6Ez29KQm04MW5JkDW-2CX9GQwEW-HzJT06jJEfY1c.
[09/25/25 15:05:19] Got device info: ['14', 'Dev1', '2c:f7:f1:1c:30:ed', 'Dev1', 'Nikki testing on Dev1', 'Development ', 'Nikki testing on ', '60', 'C05R63WRENL']
[09/25/25 15:05:19] Looking for first empty row in spreadsheet 19GGko-gmBRb64y0fv989eFV-su0_kS4ZjqoAq8cY3Zg
[09/25/25 15:05:19] First empty row for spreadsheet 19GGko-gmBRb64y0fv989eFV-su0_kS4ZjqoAq8cY3Zg is 2
[09/25/25 15:05:20] 3 cells added in row 2 of spreadsheet 19GGko-gmBRb64y0fv989eFV-su0_kS4ZjqoAq8cY3Zg: ['September 25, 2025 03:05:19 PM', 'Dev1', 'Resolved']
[09/25/25 15:05:24] Interaction received, handling...
[09/25/25 15:05:24] Setting up Google Sheets...
[09/25/25 15:05:24] Google Cloud OAuth flow complete.
[09/25/25 15:05:24] Getting spreadsheet 1Id6Ez29KQm04MW5JkDW-2CX9GQwEW-HzJT06jJEfY1c...
[09/25/25 15:05:24] Spreadsheet 1Id6Ez29KQm04MW5JkDW-2CX9GQwEW-HzJT06jJEfY1c found in cache. Retrieving...
[09/25/25 15:05:24] Got spreadsheet 1Id6Ez29KQm04MW5JkDW-2CX9GQwEW-HzJT06jJEfY1c
[09/25/25 15:05:24] Getting device config...
[09/25/25 15:05:24] Looking for first empty row in spreadsheet 1Id6Ez29KQm04MW5JkDW-2CX9GQwEW-HzJT06jJEfY1c
[09/25/25 15:05:24] Cached value found for spreadsheet 1Id6Ez29KQm04MW5JkDW-2CX9GQwEW-HzJT06jJEfY1c first empty row: 40
[09/25/25 15:05:24] Cached region A2:I40 found in spreadsheet 1Id6Ez29KQm04MW5JkDW-2CX9GQwEW-HzJT06jJEfY1c.
[09/25/25 15:05:31] Got device info: ['14', 'Dev1', '2c:f7:f1:1c:30:ed', 'Dev1', 'Nikki testing on Dev1', 'Development ', 'Nikki testing on ', '60', 'C05R63WRENL']
[09/25/25 15:05:31] Rate limit applied. Message not sent.
[09/25/25 15:06:04] WARNING: SimpleAudio is not installed, audio will not play
[09/25/25 15:06:05] Setting up AWS...
[09/25/25 15:06:05] AWS successfully set-up
[09/25/25 15:06:05] Starting slack-Lambda-button gui...
[09/25/25 15:06:05] Setting up Google Sheets...
[09/25/25 15:06:05] Google Cloud OAuth flow complete.
[09/25/25 15:06:05] Getting spreadsheet 19GGko-gmBRb64y0fv989eFV-su0_kS4ZjqoAq8cY3Zg...
[09/25/25 15:06:05] Got existing spreadsheet with ID: 19GGko-gmBRb64y0fv989eFV-su0_kS4ZjqoAq8cY3Zg
[09/25/25 15:06:05] Caching spreadsheet...
[09/25/25 15:06:05] Got spreadsheet 19GGko-gmBRb64y0fv989eFV-su0_kS4ZjqoAq8cY3Zg
[09/25/25 15:06:05] Setting up Google Sheets...
[09/25/25 15:06:05] Google Cloud OAuth flow complete.
[09/25/25 15:06:05] Getting spreadsheet 1Id6Ez29KQm04MW5JkDW-2CX9GQwEW-HzJT06jJEfY1c...
[09/25/25 15:06:06] Got existing spreadsheet with ID: 1Id6Ez29KQm04MW5JkDW-2CX9GQwEW-HzJT06jJEfY1c
[09/25/25 15:06:06] Caching spreadsheet...
[09/25/25 15:06:06] Got spreadsheet 1Id6Ez29KQm04MW5JkDW-2CX9GQwEW-HzJT06jJEfY1c
[09/25/25 15:06:09] Interaction received, handling...
[09/25/25 15:06:09] Setting up Google Sheets...
[09/25/25 15:06:09] Google Cloud OAuth flow complete.
[09/25/25 15:06:09] Getting spreadsheet 1Id6Ez29KQm04MW5JkDW-2CX9GQwEW-HzJT06jJEfY1c...
[09/25/25 15:06:09] Spreadsheet 1Id6Ez29KQm04MW5JkDW-2CX9GQwEW-HzJT06jJEfY1c found in cache. Retrieving...
[09/25/25 15:06:09] Got spreadsheet 1Id6Ez29KQm04MW5JkDW-2CX9GQwEW-HzJT06jJEfY1c
[09/25/25 15:06:09] Getting device config...
[09/25/25 15:06:09] Looking for first empty row in spreadsheet 1Id6Ez29KQm04MW5JkDW-2CX9GQwEW-HzJT06jJEfY1c
[09/25/25 15:06:10] First empty row for spreadsheet 1Id6Ez29KQm04MW5JkDW-2CX9GQwEW-HzJT06jJEfY1c is 40
[09/25/25 15:06:10] Contents for region A2:I40 retrieved. Caching...
[09/25/25 15:06:10] Got device info: ['14', 'Dev1', '2c:f7:f1:1c:30:ed', 'Dev1', 'Nikki testing on Dev1', 'Development ', 'Nikki testing on ', '60', 'C05R63WRENL']
[09/25/25 15:06:10] Message retrieved from config: Nikki testing on Dev1
[09/25/25 15:06:10] Posting message to Slack via AWS...
[09/25/25 15:06:10] AWS Payload: {"body": {"type": "post", "message": "Nikki testing on Dev1\n*To respond, reply to this message in a thread within 3 minutes*\n*To resolve, react with :white_check_mark: or :+1:*", "channel_id": "C05R63WRENL", "device_id": "Dev1"}}
[09/25/25 15:06:10] AWS Response: {'ResponseMetadata': {'RequestId': 'b0db1f81-14a4-43d6-b64c-da5b85e46cd0', 'HTTPStatusCode': 200, 'HTTPHeaders': {'date': 'Thu, 25 Sep 2025 19:06:10 GMT', 'content-type': 'application/json', 'content-length': '297', 'connection': 'keep-alive', 'x-amzn-requestid': 'b0db1f81-14a4-43d6-b64c-da5b85e46cd0', 'x-amzn-remapped-content-length': '0', 'x-amz-executed-version': '$LATEST', 'x-amzn-trace-id': 'Root=1-68d592a2-18bbf4095bfd9c3668b7f89f;Parent=31b843cd087ac87d;Sampled=0;Lineage=1:8c6eb0ec:0'}, 'RetryAttempts': 0}, 'StatusCode': 200, 'ExecutedVersion': '$LATEST', 'Payload': <botocore.response.StreamingBody object at 0x0000021126F1F820>}
[09/25/25 15:06:10] Message posted to slack.
[09/25/25 15:06:30] Getting device config...
[09/25/25 15:06:30] Looking for first empty row in spreadsheet 1Id6Ez29KQm04MW5JkDW-2CX9GQwEW-HzJT06jJEfY1c
[09/25/25 15:06:30] Cached value found for spreadsheet 1Id6Ez29KQm04MW5JkDW-2CX9GQwEW-HzJT06jJEfY1c first empty row: 40
[09/25/25 15:06:30] Cached region A2:I40 found in spreadsheet 1Id6Ez29KQm04MW5JkDW-2CX9GQwEW-HzJT06jJEfY1c.
[09/25/25 15:06:30] Got device info: ['14', 'Dev1', '2c:f7:f1:1c:30:ed', 'Dev1', 'Nikki testing on Dev1', 'Development ', 'Nikki testing on ', '60', 'C05R63WRENL']
[09/25/25 15:06:30] Looking for first empty row in spreadsheet 19GGko-gmBRb64y0fv989eFV-su0_kS4ZjqoAq8cY3Zg
[09/25/25 15:06:31] First empty row for spreadsheet 19GGko-gmBRb64y0fv989eFV-su0_kS4ZjqoAq8cY3Zg is 3
[09/25/25 15:06:31] 3 cells added in row 3 of spreadsheet 19GGko-gmBRb64y0fv989eFV-su0_kS4ZjqoAq8cY3Zg: ['September 25, 2025 03:06:30 PM', 'Dev1', 'Timed Out']
[09/25/25 15:13:22] WARNING: SimpleAudio is not installed, audio will not play
[09/25/25 15:13:23] Setting up AWS...
[09/25/25 15:13:23] AWS successfully set-up
[09/25/25 15:13:23] Starting slack-Lambda-button gui...
[09/25/25 15:13:23] Setting up Google Sheets...
[09/25/25 15:13:23] Google Cloud OAuth flow complete.
[09/25/25 15:13:23] Getting spreadsheet 19GGko-gmBRb64y0fv989eFV-su0_kS4ZjqoAq8cY3Zg...
[09/25/25 15:13:24] Got existing spreadsheet with ID: 19GGko-gmBRb64y0fv989eFV-su0_kS4ZjqoAq8cY3Zg
[09/25/25 15:13:24] Caching spreadsheet...
[09/25/25 15:13:24] Got spreadsheet 19GGko-gmBRb64y0fv989eFV-su0_kS4ZjqoAq8cY3Zg
[09/25/25 15:13:24] Setting up Google Sheets...
[09/25/25 15:13:24] Google Cloud OAuth flow complete.
[09/25/25 15:13:24] Getting spreadsheet 1Id6Ez29KQm04MW5JkDW-2CX9GQwEW-HzJT06jJEfY1c...
[09/25/25 15:13:24] Got existing spreadsheet with ID: 1Id6Ez29KQm04MW5JkDW-2CX9GQwEW-HzJT06jJEfY1c
[09/25/25 15:13:24] Caching spreadsheet...
[09/25/25 15:13:24] Got spreadsheet 1Id6Ez29KQm04MW5JkDW-2CX9GQwEW-HzJT06jJEfY1c
[09/25/25 15:13:28] Interaction received, handling...
[09/25/25 15:13:28] Setting up Google Sheets...
[09/25/25 15:13:28] Google Cloud OAuth flow complete.
[09/25/25 15:13:28] Getting spreadsheet 1Id6Ez29KQm04MW5JkDW-2CX9GQwEW-HzJT06jJEfY1c...
[09/25/25 15:13:28] Spreadsheet 1Id6Ez29KQm04MW5JkDW-2CX9GQwEW-HzJT06jJEfY1c found in cache. Retrieving...
[09/25/25 15:13:28] Got spreadsheet 1Id6Ez29KQm04MW5JkDW-2CX9GQwEW-HzJT06jJEfY1c
[09/25/25 15:13:28] Getting device config...
[09/25/25 15:13:28] Looking for first empty row in spreadsheet 1Id6Ez29KQm04MW5JkDW-2CX9GQwEW-HzJT06jJEfY1c
[09/25/25 15:13:29] First empty row for spreadsheet 1Id6Ez29KQm04MW5JkDW-2CX9GQwEW-HzJT06jJEfY1c is 40
[09/25/25 15:13:29] Contents for region A2:I40 retrieved. Caching...
[09/25/25 15:13:29] Got device info: ['14', 'Dev1', '2c:f7:f1:1c:30:ed', 'Dev1', 'Nikki testing on Dev1', 'Development ', 'Nikki testing on ', '60', 'C05R63WRENL']
[09/25/25 15:13:29] Message retrieved from config: Nikki testing on Dev1
[09/25/25 15:13:29] Posting message to Slack via AWS...
[09/25/25 15:13:29] AWS Payload: {"body": {"type": "post", "message": "Nikki testing on Dev1\n*To respond, reply to this message in a thread within 3 minutes*\n*To resolve, react with :white_check_mark: or :+1:*", "channel_id": "C05R63WRENL", "device_id": "Dev1"}}
[09/25/25 15:13:29] AWS Response: {'ResponseMetadata': {'RequestId': '0cddc299-592d-47c0-9e16-d0b4d62280b5', 'HTTPStatusCode': 200, 'HTTPHeaders': {'date': 'Thu, 25 Sep 2025 19:13:29 GMT', 'content-type': 'application/json', 'content-length': '297', 'connection': 'keep-alive', 'x-amzn-requestid': '0cddc299-592d-47c0-9e16-d0b4d62280b5', 'x-amzn-remapped-content-length': '0', 'x-amz-executed-version': '$LATEST', 'x-amzn-trace-id': 'Root=1-68d59459-13a3b48c5900ea0a743fb663;Parent=2acdd8e0b79207b3;Sampled=0;Lineage=1:8c6eb0ec:0'}, 'RetryAttempts': 0}, 'StatusCode': 200, 'ExecutedVersion': '$LATEST', 'Payload': <botocore.response.StreamingBody object at 0x0000017029706860>}
[09/25/25 15:13:29] Message posted to slack.
[09/25/25 15:15:18] WARNING: SimpleAudio is not installed, audio will not play
[09/25/25 15:15:19] Setting up AWS...
[09/25/25 15:15:19] AWS successfully set-up
[09/25/25 15:15:19] Starting slack-Lambda-button gui...
[09/25/25 15:15:19] Setting up Google Sheets...
[09/25/25 15:15:19] Google Cloud OAuth flow complete.
[09/25/25 15:15:19] Getting spreadsheet 19GGko-gmBRb64y0fv989eFV-su0_kS4ZjqoAq8cY3Zg...
[09/25/25 15:15:19] Got existing spreadsheet with ID: 19GGko-gmBRb64y0fv989eFV-su0_kS4ZjqoAq8cY3Zg
[09/25/25 15:15:19] Caching spreadsheet...
[09/25/25 15:15:19] Got spreadsheet 19GGko-gmBRb64y0fv989eFV-su0_kS4ZjqoAq8cY3Zg
[09/25/25 15:15:19] Setting up Google Sheets...
[09/25/25 15:15:19] Google Cloud OAuth flow complete.
[09/25/25 15:15:19] Getting spreadsheet 1Id6Ez29KQm04MW5JkDW-2CX9GQwEW-HzJT06jJEfY1c...
[09/25/25 15:15:20] Got existing spreadsheet with ID: 1Id6Ez29KQm04MW5JkDW-2CX9GQwEW-HzJT06jJEfY1c
[09/25/25 15:15:20] Caching spreadsheet...
[09/25/25 15:15:20] Got spreadsheet 1Id6Ez29KQm04MW5JkDW-2CX9GQwEW-HzJT06jJEfY1c
[09/25/25 15:15:57] WARNING: SimpleAudio is not installed, audio will not play
[09/25/25 15:15:57] Setting up AWS...
[09/25/25 15:15:57] AWS successfully set-up
[09/25/25 15:15:57] Starting slack-Lambda-button gui...
[09/25/25 15:15:57] Setting up Google Sheets...
[09/25/25 15:15:57] Google Cloud OAuth flow complete.
[09/25/25 15:15:57] Getting spreadsheet 19GGko-gmBRb64y0fv989eFV-su0_kS4ZjqoAq8cY3Zg...
[09/25/25 15:15:58] Got existing spreadsheet with ID: 19GGko-gmBRb64y0fv989eFV-su0_kS4ZjqoAq8cY3Zg
[09/25/25 15:15:58] Caching spreadsheet...
[09/25/25 15:15:58] Got spreadsheet 19GGko-gmBRb64y0fv989eFV-su0_kS4ZjqoAq8cY3Zg
[09/25/25 15:15:58] Setting up Google Sheets...
[09/25/25 15:15:58] Google Cloud OAuth flow complete.
[09/25/25 15:15:58] Getting spreadsheet 1Id6Ez29KQm04MW5JkDW-2CX9GQwEW-HzJT06jJEfY1c...
[09/25/25 15:15:58] Got existing spreadsheet with ID: 1Id6Ez29KQm04MW5JkDW-2CX9GQwEW-HzJT06jJEfY1c
[09/25/25 15:15:58] Caching spreadsheet...
[09/25/25 15:15:58] Got spreadsheet 1Id6Ez29KQm04MW5JkDW-2CX9GQwEW-HzJT06jJEfY1c
[09/25/25 15:19:58] WARNING: SimpleAudio is not installed, audio will not play
[09/25/25 15:19:58] Setting up AWS...
[09/25/25 15:19:58] AWS successfully set-up
[09/25/25 15:19:58] Starting slack-Lambda-button gui...
[09/25/25 15:19:58] Setting up Google Sheets...
[09/25/25 15:19:58] Google Cloud OAuth flow complete.
[09/25/25 15:19:58] Getting spreadsheet 19GGko-gmBRb64y0fv989eFV-su0_kS4ZjqoAq8cY3Zg...
[09/25/25 15:19:59] Got existing spreadsheet with ID: 19GGko-gmBRb64y0fv989eFV-su0_kS4ZjqoAq8cY3Zg
[09/25/25 15:19:59] Caching spreadsheet...
[09/25/25 15:19:59] Got spreadsheet 19GGko-gmBRb64y0fv989eFV-su0_kS4ZjqoAq8cY3Zg
[09/25/25 15:19:59] Setting up Google Sheets...
[09/25/25 15:19:59] Google Cloud OAuth flow complete.
[09/25/25 15:19:59] Getting spreadsheet 1Id6Ez29KQm04MW5JkDW-2CX9GQwEW-HzJT06jJEfY1c...
[09/25/25 15:19:59] Got existing spreadsheet with ID: 1Id6Ez29KQm04MW5JkDW-2CX9GQwEW-HzJT06jJEfY1c
[09/25/25 15:19:59] Caching spreadsheet...
[09/25/25 15:19:59] Got spreadsheet 1Id6Ez29KQm04MW5JkDW-2CX9GQwEW-HzJT06jJEfY1c
[09/25/25 15:20:41] WARNING: SimpleAudio is not installed, audio will not play
[09/25/25 15:20:42] Setting up AWS...
[09/25/25 15:20:42] AWS successfully set-up
[09/25/25 15:20:42] Starting slack-Lambda-button gui...
[09/25/25 15:20:42] Setting up Google Sheets...
[09/25/25 15:20:42] Google Cloud OAuth flow complete.
[09/25/25 15:20:42] Getting spreadsheet 19GGko-gmBRb64y0fv989eFV-su0_kS4ZjqoAq8cY3Zg...
[09/25/25 15:20:42] Got existing spreadsheet with ID: 19GGko-gmBRb64y0fv989eFV-su0_kS4ZjqoAq8cY3Zg
[09/25/25 15:20:42] Caching spreadsheet...
[09/25/25 15:20:42] Got spreadsheet 19GGko-gmBRb64y0fv989eFV-su0_kS4ZjqoAq8cY3Zg
[09/25/25 15:20:42] Setting up Google Sheets...
[09/25/25 15:20:42] Google Cloud OAuth flow complete.
[09/25/25 15:20:42] Getting spreadsheet 1Id6Ez29KQm04MW5JkDW-2CX9GQwEW-HzJT06jJEfY1c...
[09/25/25 15:20:43] Got existing spreadsheet with ID: 1Id6Ez29KQm04MW5JkDW-2CX9GQwEW-HzJT06jJEfY1c
[09/25/25 15:20:43] Caching spreadsheet...
[09/25/25 15:20:43] Got spreadsheet 1Id6Ez29KQm04MW5JkDW-2CX9GQwEW-HzJT06jJEfY1c
[09/25/25 15:22:16] WARNING: SimpleAudio is not installed, audio will not play
[09/25/25 15:22:17] Setting up AWS...
[09/25/25 15:22:17] AWS successfully set-up
[09/25/25 15:22:17] Starting slack-Lambda-button gui...
[09/25/25 15:22:17] Setting up Google Sheets...
[09/25/25 15:22:17] Google Cloud OAuth flow complete.
[09/25/25 15:22:17] Getting spreadsheet 19GGko-gmBRb64y0fv989eFV-su0_kS4ZjqoAq8cY3Zg...
[09/25/25 15:22:17] Got existing spreadsheet with ID: 19GGko-gmBRb64y0fv989eFV-su0_kS4ZjqoAq8cY3Zg
[09/25/25 15:22:17] Caching spreadsheet...
[09/25/25 15:22:17] Got spreadsheet 19GGko-gmBRb64y0fv989eFV-su0_kS4ZjqoAq8cY3Zg
[09/25/25 15:22:17] Setting up Google Sheets...
[09/25/25 15:22:17] Google Cloud OAuth flow complete.
[09/25/25 15:22:17] Getting spreadsheet 1Id6Ez29KQm04MW5JkDW-2CX9GQwEW-HzJT06jJEfY1c...
[09/25/25 15:22:18] Got existing spreadsheet with ID: 1Id6Ez29KQm04MW5JkDW-2CX9GQwEW-HzJT06jJEfY1c
[09/25/25 15:22:18] Caching spreadsheet...
[09/25/25 15:22:18] Got spreadsheet 1Id6Ez29KQm04MW5JkDW-2CX9GQwEW-HzJT06jJEfY1c
[09/25/25 15:22:22] Interaction received, handling...
[09/25/25 15:22:22] Setting up Google Sheets...
[09/25/25 15:22:22] Google Cloud OAuth flow complete.
[09/25/25 15:22:22] Getting spreadsheet 1Id6Ez29KQm04MW5JkDW-2CX9GQwEW-HzJT06jJEfY1c...
[09/25/25 15:22:22] Spreadsheet 1Id6Ez29KQm04MW5JkDW-2CX9GQwEW-HzJT06jJEfY1c found in cache. Retrieving...
[09/25/25 15:22:22] Got spreadsheet 1Id6Ez29KQm04MW5JkDW-2CX9GQwEW-HzJT06jJEfY1c
[09/25/25 15:22:22] Getting device config...
[09/25/25 15:22:22] Looking for first empty row in spreadsheet 1Id6Ez29KQm04MW5JkDW-2CX9GQwEW-HzJT06jJEfY1c
[09/25/25 15:22:23] First empty row for spreadsheet 1Id6Ez29KQm04MW5JkDW-2CX9GQwEW-HzJT06jJEfY1c is 40
[09/25/25 15:22:23] Contents for region A2:I40 retrieved. Caching...
[09/25/25 15:22:23] Got device info: ['14', 'Dev1', '2c:f7:f1:1c:30:ed', 'Dev1', 'Nikki testing on Dev1', 'Development ', 'Nikki testing on ', '60', 'C05R63WRENL']
[09/25/25 15:22:23] Message retrieved from config: Nikki testing on Dev1
[09/25/25 15:22:23] Posting message to Slack via AWS...
[09/25/25 15:22:23] AWS Payload: {"body": {"type": "post", "message": "Nikki testing on Dev1\n*To respond, reply to this message in a thread within 3 minutes*\n*To resolve, react with :white_check_mark: or :+1:*", "channel_id": "C05R63WRENL", "device_id": "Dev1"}}
[09/25/25 15:22:23] AWS Response: {'ResponseMetadata': {'RequestId': '4ec68949-cc71-48c2-82c5-341672ddb383', 'HTTPStatusCode': 200, 'HTTPHeaders': {'date': 'Thu, 25 Sep 2025 19:22:23 GMT', 'content-type': 'application/json', 'content-length': '297', 'connection': 'keep-alive', 'x-amzn-requestid': '4ec68949-cc71-48c2-82c5-341672ddb383', 'x-amzn-remapped-content-length': '0', 'x-amz-executed-version': '$LATEST', 'x-amzn-trace-id': 'Root=1-68d5966f-12e1fb1437e17a0b6e5b9fc8;Parent=66c7f1dab47364b4;Sampled=0;Lineage=1:8c6eb0ec:0'}, 'RetryAttempts': 0}, 'StatusCode': 200, 'ExecutedVersion': '$LATEST', 'Payload': <botocore.response.StreamingBody object at 0x000001AA829DB430>}
[09/25/25 15:22:23] Message posted to slack.
[09/25/25 15:22:23] SQS message received: {'ts': '1758827609.481789', 'reply_text': 'white_check_mark', 'reply_author': 'Nikki'}
[09/25/25 15:31:14] WARNING: SimpleAudio is not installed, audio will not play
[09/25/25 15:31:14] Setting up AWS...
[09/25/25 15:31:14] AWS successfully set-up
[09/25/25 15:31:14] Starting slack-Lambda-button gui...
[09/25/25 15:31:14] Setting up Google Sheets...
[09/25/25 15:31:15] Google Cloud token refreshed.
[09/25/25 15:31:15] Writing new token to file...
[09/25/25 15:31:15] Google Cloud OAuth flow complete.
[09/25/25 15:31:15] Getting spreadsheet 19GGko-gmBRb64y0fv989eFV-su0_kS4ZjqoAq8cY3Zg...
[09/25/25 15:31:15] Got existing spreadsheet with ID: 19GGko-gmBRb64y0fv989eFV-su0_kS4ZjqoAq8cY3Zg
[09/25/25 15:31:15] Caching spreadsheet...
[09/25/25 15:31:15] Got spreadsheet 19GGko-gmBRb64y0fv989eFV-su0_kS4ZjqoAq8cY3Zg
[09/25/25 15:31:15] Setting up Google Sheets...
[09/25/25 15:31:15] Google Cloud OAuth flow complete.
[09/25/25 15:31:15] Getting spreadsheet 1Id6Ez29KQm04MW5JkDW-2CX9GQwEW-HzJT06jJEfY1c...
[09/25/25 15:31:16] Got existing spreadsheet with ID: 1Id6Ez29KQm04MW5JkDW-2CX9GQwEW-HzJT06jJEfY1c
[09/25/25 15:31:16] Caching spreadsheet...
[09/25/25 15:31:16] Got spreadsheet 1Id6Ez29KQm04MW5JkDW-2CX9GQwEW-HzJT06jJEfY1c
[09/25/25 15:31:17] Interaction received, handling...
[09/25/25 15:31:17] Setting up Google Sheets...
[09/25/25 15:31:17] Google Cloud OAuth flow complete.
[09/25/25 15:31:17] Getting spreadsheet 1Id6Ez29KQm04MW5JkDW-2CX9GQwEW-HzJT06jJEfY1c...
[09/25/25 15:31:17] Spreadsheet 1Id6Ez29KQm04MW5JkDW-2CX9GQwEW-HzJT06jJEfY1c found in cache. Retrieving...
[09/25/25 15:31:17] Got spreadsheet 1Id6Ez29KQm04MW5JkDW-2CX9GQwEW-HzJT06jJEfY1c
[09/25/25 15:31:17] Getting device config...
[09/25/25 15:31:17] Looking for first empty row in spreadsheet 1Id6Ez29KQm04MW5JkDW-2CX9GQwEW-HzJT06jJEfY1c
[09/25/25 15:31:17] First empty row for spreadsheet 1Id6Ez29KQm04MW5JkDW-2CX9GQwEW-HzJT06jJEfY1c is 40
[09/25/25 15:31:17] Contents for region A2:I40 retrieved. Caching...
[09/25/25 15:31:17] Got device info: ['14', 'Dev1', '2c:f7:f1:1c:30:ed', 'Dev1', 'Nikki testing on Dev1', 'Development ', 'Nikki testing on ', '60', 'C05R63WRENL']
[09/25/25 15:31:17] Message retrieved from config: Nikki testing on Dev1
[09/25/25 15:31:17] Posting message to Slack via AWS...
[09/25/25 15:31:17] AWS Payload: {"body": {"type": "post", "message": "Nikki testing on Dev1\n*To respond, reply to this message in a thread within 3 minutes*\n*To resolve, react with :white_check_mark: or :+1:*", "channel_id": "C05R63WRENL", "device_id": "Dev1"}}
[09/25/25 15:31:18] AWS Response: {'ResponseMetadata': {'RequestId': 'db753755-674b-403a-9269-e84577d66d79', 'HTTPStatusCode': 200, 'HTTPHeaders': {'date': 'Thu, 25 Sep 2025 19:31:18 GMT', 'content-type': 'application/json', 'content-length': '297', 'connection': 'keep-alive', 'x-amzn-requestid': 'db753755-674b-403a-9269-e84577d66d79', 'x-amzn-remapped-content-length': '0', 'x-amz-executed-version': '$LATEST', 'x-amzn-trace-id': 'Root=1-68d59885-08e37c7205a844422eece5f2;Parent=27ec55631bb56f82;Sampled=0;Lineage=1:8c6eb0ec:0'}, 'RetryAttempts': 0}, 'StatusCode': 200, 'ExecutedVersion': '$LATEST', 'Payload': <botocore.response.StreamingBody object at 0x000001C9CFA1A5F0>}
[09/25/25 15:31:18] Message posted to slack.
[09/25/25 15:31:18] SQS message received: {'ts': '1758828143.576399', 'reply_text': 'white_check_mark', 'reply_author': 'Nikki'}
